<?xml version="1.0" encoding="UTF-8"?>
<coverage generated="1605632745927" clover="3.2.0">
  <project timestamp="1605632745927" name="All files">
    <metrics statements="8" coveredstatements="7" conditionals="0" coveredconditionals="0" methods="4" coveredmethods="3" elements="12" coveredelements="10" complexity="0" loc="8" ncloc="8" packages="1" files="3" classes="3"/>
    <file name="cloneArray.js" path="E:\MS\2nd Sem\NBAD\Project\unit-testing-jest\cloneArray.js">
      <metrics statements="2" coveredstatements="2" conditionals="0" coveredconditionals="0" methods="1" coveredmethods="1"/>
      <line num="2" count="2" type="stmt"/>
      <line num="5" count="1" type="stmt"/>
    </file>
    <file name="subtract.js" path="E:\MS\2nd Sem\NBAD\Project\unit-testing-jest\subtract.js">
      <metrics statements="2" coveredstatements="2" conditionals="0" coveredconditionals="0" methods="1" coveredmethods="1"/>
      <line num="2" count="1" type="stmt"/>
      <line num="4" count="1" type="stmt"/>
    </file>
    <file name="sum.js" path="E:\MS\2nd Sem\NBAD\Project\unit-testing-jest\sum.js">
      <metrics statements="4" coveredstatements="3" conditionals="0" coveredconditionals="0" methods="2" coveredmethods="1"/>
      <line num="1" count="1" type="stmt"/>
      <line num="4" count="1" type="stmt"/>
      <line num="8" count="0" type="stmt"/>
      <line num="10" count="1" type="stmt"/>
    </file>
  </project>
</coverage>
